<?xml version="1.0" encoding="UTF-8"?>
<Site BuildName="Linux-g++"
	BuildStamp="20221201-1626-Experimental"
	Name="bonni-ThinkPad-X250"
	Generator="ctest-3.22.1"
	CompilerName="/usr/bin/g++"
	CompilerVersion="11.3.0"
	OSName="Linux"
	Hostname="bonni-ThinkPad-X250"
	OSRelease="5.15.0-53-generic"
	OSVersion="#59-Ubuntu SMP Mon Oct 17 18:53:30 UTC 2022"
	OSPlatform="x86_64"
	Is64Bits="1"
	VendorString="GenuineIntel"
	VendorID="Intel Corporation"
	FamilyID="6"
	ModelID="69"
	ProcessorCacheSize="3072"
	NumberOfLogicalCPU="4"
	NumberOfPhysicalCPU="2"
	TotalVirtualMemory="2047"
	TotalPhysicalMemory="7655"
	LogicalProcessorsPerPhysical="2"
	ProcessorClockFrequency="2667.05"
	>
	<Testing>
		<StartDateTime>Dec 01 17:26 CET</StartDateTime>
		<StartTestTime>1669911983</StartTestTime>
		<TestList/>
		<EndDateTime>Dec 01 17:26 CET</EndDateTime>
		<EndTestTime>1669911983</EndTestTime>
		<ElapsedMinutes>0</ElapsedMinutes>
	</Testing>
</Site>
